11:16:04 **** Incremental Build of configuration Debug for project task_scheduler ****
make -j12 all 
arm-none-eabi-gcc "../Src/main.c" -mcpu=cortex-m3 -std=gnu11 -g3 -DDEBUG -DSTM32 -DSTM32F1 -DSTM32F103C6Tx -c -I../Inc -O0 -ffunction-sections -fdata-sections -Wall -fstack-usage -fcyclomatic-complexity -MMD -MP -MF"Src/main.d" -MT"Src/main.o" --specs=nano.specs -mfloat-abi=soft -mthumb -o "Src/main.o"
arm-none-eabi-gcc -o "task_scheduler.elf" @"objects.list"   -mcpu=cortex-m3 -T"C:\Users\Gin\STM32CubeIDE\workspace_1.17.0\task_scheduler\STM32F103C6TX_FLASH.ld" --specs=nosys.specs -Wl,-Map="task_scheduler.map" -Wl,--gc-sections -static --specs=nano.specs -mfloat-abi=soft -mthumb -Wl,--start-group -lc -lm -Wl,--end-group
Finished building target: task_scheduler.elf
 
arm-none-eabi-size  task_scheduler.elf 
arm-none-eabi-objdump -h -S task_scheduler.elf  > "task_scheduler.list"
   text	   data	    bss	    dec	    hex	filename
   2064	      0	   1656	   3720	    e88	task_scheduler.elf
Finished building: default.size.stdout
 
Finished building: task_scheduler.list
 
11:17:14 **** Incremental Build of configuration Debug for project task_scheduler ****
make -j12 all 
arm-none-eabi-gcc "../Src/main.c" -mcpu=cortex-m3 -std=gnu11 -g3 -DDEBUG -DSTM32 -DSTM32F1 -DSTM32F103C6Tx -c -I../Inc -O0 -ffunction-sections -fdata-sections -Wall -fstack-usage -fcyclomatic-complexity -MMD -MP -MF"Src/main.d" -MT"Src/main.o" --specs=nano.specs -mfloat-abi=soft -mthumb -o "Src/main.o"
arm-none-eabi-gcc -o "task_scheduler.elf" @"objects.list"   -mcpu=cortex-m3 -T"C:\Users\Gin\STM32CubeIDE\workspace_1.17.0\task_scheduler\STM32F103C6TX_FLASH.ld" --specs=nosys.specs -Wl,-Map="task_scheduler.map" -Wl,--gc-sections -static --specs=nano.specs -mfloat-abi=soft -mthumb -Wl,--start-group -lc -lm -Wl,--end-group
Finished building target: task_scheduler.elf
 
arm-none-eabi-size  task_scheduler.elf 
arm-none-eabi-objdump -h -S task_scheduler.elf  > "task_scheduler.list"
   text	   data	    bss	    dec	    hex	filename
   2192	      0	   1656	   3848	    f08	task_scheduler.elf
Finished building: default.size.stdout
 
Finished building: task_scheduler.list
 
11:17:56 **** Incremental Build of configuration Debug for project task_scheduler ****
make -j12 all 
arm-none-eabi-gcc "../Src/main.c" -mcpu=cortex-m3 -std=gnu11 -g3 -DDEBUG -DSTM32 -DSTM32F1 -DSTM32F103C6Tx -c -I../Inc -O0 -ffunction-sections -fdata-sections -Wall -fstack-usage -fcyclomatic-complexity -MMD -MP -MF"Src/main.d" -MT"Src/main.o" --specs=nano.specs -mfloat-abi=soft -mthumb -o "Src/main.o"
arm-none-eabi-gcc -o "task_scheduler.elf" @"objects.list"   -mcpu=cortex-m3 -T"C:\Users\Gin\STM32CubeIDE\workspace_1.17.0\task_scheduler\STM32F103C6TX_FLASH.ld" --specs=nosys.specs -Wl,-Map="task_scheduler.map" -Wl,--gc-sections -static --specs=nano.specs -mfloat-abi=soft -mthumb -Wl,--start-group -lc -lm -Wl,--end-group
Finished building target: task_scheduler.elf
 
arm-none-eabi-size  task_scheduler.elf 
arm-none-eabi-objdump -h -S task_scheduler.elf  > "task_scheduler.list"
   text	   data	    bss	    dec	    hex	filename
   2192	      0	   1656	   3848	    f08	task_scheduler.elf
Finished building: default.size.stdout
 
Finished building: task_scheduler.list
 
11:18:43 **** Incremental Build of configuration Debug for project task_scheduler ****
make -j12 all 
arm-none-eabi-gcc "../Src/main.c" -mcpu=cortex-m3 -std=gnu11 -g3 -DDEBUG -DSTM32 -DSTM32F1 -DSTM32F103C6Tx -c -I../Inc -O0 -ffunction-sections -fdata-sections -Wall -fstack-usage -fcyclomatic-complexity -MMD -MP -MF"Src/main.d" -MT"Src/main.o" --specs=nano.specs -mfloat-abi=soft -mthumb -o "Src/main.o"
arm-none-eabi-gcc -o "task_scheduler.elf" @"objects.list"   -mcpu=cortex-m3 -T"C:\Users\Gin\STM32CubeIDE\workspace_1.17.0\task_scheduler\STM32F103C6TX_FLASH.ld" --specs=nosys.specs -Wl,-Map="task_scheduler.map" -Wl,--gc-sections -static --specs=nano.specs -mfloat-abi=soft -mthumb -Wl,--start-group -lc -lm -Wl,--end-group
Finished building target: task_scheduler.elf
 
arm-none-eabi-size  task_scheduler.elf 
arm-none-eabi-objdump -h -S task_scheduler.elf  > "task_scheduler.list"
   text	   data	    bss	    dec	    hex	filename
   2192	      0	   1656	   3848	    f08	task_scheduler.elf
Finished building: default.size.stdout
 
Finished building: task_scheduler.list
 
11:19:59 **** Incremental Build of configuration Debug for project task_scheduler ****
make -j12 all 
arm-none-eabi-gcc "../Src/main.c" -mcpu=cortex-m3 -std=gnu11 -g3 -DDEBUG -DSTM32 -DSTM32F1 -DSTM32F103C6Tx -c -I../Inc -O0 -ffunction-sections -fdata-sections -Wall -fstack-usage -fcyclomatic-complexity -MMD -MP -MF"Src/main.d" -MT"Src/main.o" --specs=nano.specs -mfloat-abi=soft -mthumb -o "Src/main.o"
arm-none-eabi-gcc -o "task_scheduler.elf" @"objects.list"   -mcpu=cortex-m3 -T"C:\Users\Gin\STM32CubeIDE\workspace_1.17.0\task_scheduler\STM32F103C6TX_FLASH.ld" --specs=nosys.specs -Wl,-Map="task_scheduler.map" -Wl,--gc-sections -static --specs=nano.specs -mfloat-abi=soft -mthumb -Wl,--start-group -lc -lm -Wl,--end-group
Finished building target: task_scheduler.elf
 
arm-none-eabi-size  task_scheduler.elf 
arm-none-eabi-objdump -h -S task_scheduler.elf  > "task_scheduler.list"
   text	   data	    bss	    dec	    hex	filename
   2180	      0	   1656	   3836	    efc	task_scheduler.elf
Finished building: default.size.stdout
 
Finished building: task_scheduler.list
 
11:24:29 **** Incremental Build of configuration Debug for project task_scheduler ****
make -j12 all 
arm-none-eabi-gcc "../Src/led.c" -mcpu=cortex-m3 -std=gnu11 -g3 -DDEBUG -DSTM32 -DSTM32F1 -DSTM32F103C6Tx -c -I../Inc -O0 -ffunction-sections -fdata-sections -Wall -fstack-usage -fcyclomatic-complexity -MMD -MP -MF"Src/led.d" -MT"Src/led.o" --specs=nano.specs -mfloat-abi=soft -mthumb -o "Src/led.o"
arm-none-eabi-gcc "../Src/main.c" -mcpu=cortex-m3 -std=gnu11 -g3 -DDEBUG -DSTM32 -DSTM32F1 -DSTM32F103C6Tx -c -I../Inc -O0 -ffunction-sections -fdata-sections -Wall -fstack-usage -fcyclomatic-complexity -MMD -MP -MF"Src/main.d" -MT"Src/main.o" --specs=nano.specs -mfloat-abi=soft -mthumb -o "Src/main.o"
../Src/led.c: In function 'led_init_all':
../Src/led.c:18:39: error: 'LED_GREEN' undeclared (first use in this function)
   18 |     *pGpiodModeReg &= ~((0x3U << (2 * LED_GREEN))  \
      |                                       ^~~~~~~~~
../Src/led.c:18:39: note: each undeclared identifier is reported only once for each function it appears in
../Src/led.c:19:39: error: 'LED_ORANGE' undeclared (first use in this function)
   19 |                       | (0x3U << (2 * LED_ORANGE)) \
      |                                       ^~~~~~~~~~
../Src/led.c:20:39: error: 'LED_RED' undeclared (first use in this function)
   20 |                       | (0x3U << (2 * LED_RED))    \
      |                                       ^~~~~~~
../Src/led.c:21:39: error: 'LED_BLUE' undeclared (first use in this function)
   21 |                       | (0x3U << (2 * LED_BLUE)));
      |                                       ^~~~~~~~
make: *** [Src/subdir.mk:28: Src/led.o] Error 1
make: *** Waiting for unfinished jobs....
"make -j12 all" terminated with exit code 2. Build might be incomplete.
11:25:08 **** Incremental Build of configuration Debug for project task_scheduler ****
make -j12 all 
arm-none-eabi-gcc "../Src/led.c" -mcpu=cortex-m3 -std=gnu11 -g3 -DDEBUG -DSTM32 -DSTM32F1 -DSTM32F103C6Tx -c -I../Inc -O0 -ffunction-sections -fdata-sections -Wall -fstack-usage -fcyclomatic-complexity -MMD -MP -MF"Src/led.d" -MT"Src/led.o" --specs=nano.specs -mfloat-abi=soft -mthumb -o "Src/led.o"
arm-none-eabi-gcc -o "task_scheduler.elf" @"objects.list"   -mcpu=cortex-m3 -T"C:\Users\Gin\STM32CubeIDE\workspace_1.17.0\task_scheduler\STM32F103C6TX_FLASH.ld" --specs=nosys.specs -Wl,-Map="task_scheduler.map" -Wl,--gc-sections -static --specs=nano.specs -mfloat-abi=soft -mthumb -Wl,--start-group -lc -lm -Wl,--end-group
Finished building target: task_scheduler.elf
 
arm-none-eabi-size  task_scheduler.elf 
arm-none-eabi-objdump -h -S task_scheduler.elf  > "task_scheduler.list"
   text	   data	    bss	    dec	    hex	filename
   1996	      0	   1656	   3652	    e44	task_scheduler.elf
Finished building: default.size.stdout
 
Finished building: task_scheduler.list
 
11:26:20 **** Incremental Build of configuration Debug for project task_scheduler ****
make -j12 all 
arm-none-eabi-gcc "../Src/led.c" -mcpu=cortex-m3 -std=gnu11 -g3 -DDEBUG -DSTM32 -DSTM32F1 -DSTM32F103C6Tx -c -I../Inc -O0 -ffunction-sections -fdata-sections -Wall -fstack-usage -fcyclomatic-complexity -MMD -MP -MF"Src/led.d" -MT"Src/led.o" --specs=nano.specs -mfloat-abi=soft -mthumb -o "Src/led.o"
arm-none-eabi-gcc -o "task_scheduler.elf" @"objects.list"   -mcpu=cortex-m3 -T"C:\Users\Gin\STM32CubeIDE\workspace_1.17.0\task_scheduler\STM32F103C6TX_FLASH.ld" --specs=nosys.specs -Wl,-Map="task_scheduler.map" -Wl,--gc-sections -static --specs=nano.specs -mfloat-abi=soft -mthumb -Wl,--start-group -lc -lm -Wl,--end-group
Finished building target: task_scheduler.elf
 
arm-none-eabi-size  task_scheduler.elf 
arm-none-eabi-objdump -h -S task_scheduler.elf  > "task_scheduler.list"
   text	   data	    bss	    dec	    hex	filename
   2004	      0	   1656	   3660	    e4c	task_scheduler.elf
Finished building: default.size.stdout
 
Finished building: task_scheduler.list
 
09:14:49 **** Incremental Build of configuration Debug for project task_scheduler ****
make -j12 all 
arm-none-eabi-gcc "../Src/led.c" -mcpu=cortex-m3 -std=gnu11 -g3 -DDEBUG -DSTM32 -DSTM32F1 -DSTM32F103C6Tx -c -I../Inc -O0 -ffunction-sections -fdata-sections -Wall -fstack-usage -fcyclomatic-complexity -MMD -MP -MF"Src/led.d" -MT"Src/led.o" --specs=nano.specs -mfloat-abi=soft -mthumb -o "Src/led.o"
arm-none-eabi-gcc -o "task_scheduler.elf" @"objects.list"   -mcpu=cortex-m3 -T"C:\Users\Gin\STM32CubeIDE\workspace_1.17.0\task_scheduler\STM32F103C6TX_FLASH.ld" --specs=nosys.specs -Wl,-Map="task_scheduler.map" -Wl,--gc-sections -static --specs=nano.specs -mfloat-abi=soft -mthumb -Wl,--start-group -lc -lm -Wl,--end-group
Finished building target: task_scheduler.elf
 
arm-none-eabi-size  task_scheduler.elf 
arm-none-eabi-objdump -h -S task_scheduler.elf  > "task_scheduler.list"
   text	   data	    bss	    dec	    hex	filename
   2064	      0	   1656	   3720	    e88	task_scheduler.elf
Finished building: default.size.stdout
 
Finished building: task_scheduler.list
 
09:20:19 **** Incremental Build of configuration Debug for project task_scheduler ****
make -j12 all 
arm-none-eabi-gcc "../Src/led.c" -mcpu=cortex-m3 -std=gnu11 -g3 -DDEBUG -DSTM32 -DSTM32F1 -DSTM32F103C6Tx -c -I../Inc -O0 -ffunction-sections -fdata-sections -Wall -fstack-usage -fcyclomatic-complexity -MMD -MP -MF"Src/led.d" -MT"Src/led.o" --specs=nano.specs -mfloat-abi=soft -mthumb -o "Src/led.o"
arm-none-eabi-gcc -o "task_scheduler.elf" @"objects.list"   -mcpu=cortex-m3 -T"C:\Users\Gin\STM32CubeIDE\workspace_1.17.0\task_scheduler\STM32F103C6TX_FLASH.ld" --specs=nosys.specs -Wl,-Map="task_scheduler.map" -Wl,--gc-sections -static --specs=nano.specs -mfloat-abi=soft -mthumb -Wl,--start-group -lc -lm -Wl,--end-group
Finished building target: task_scheduler.elf
 
arm-none-eabi-size  task_scheduler.elf 
arm-none-eabi-objdump -h -S task_scheduler.elf  > "task_scheduler.list"
   text	   data	    bss	    dec	    hex	filename
   2112	      0	   1656	   3768	    eb8	task_scheduler.elf
Finished building: default.size.stdout
 
Finished building: task_scheduler.list
 
09:20:43 **** Incremental Build of configuration Debug for project task_scheduler ****
make -j12 all 
arm-none-eabi-gcc "../Src/led.c" -mcpu=cortex-m3 -std=gnu11 -g3 -DDEBUG -DSTM32 -DSTM32F1 -DSTM32F103C6Tx -c -I../Inc -O0 -ffunction-sections -fdata-sections -Wall -fstack-usage -fcyclomatic-complexity -MMD -MP -MF"Src/led.d" -MT"Src/led.o" --specs=nano.specs -mfloat-abi=soft -mthumb -o "Src/led.o"
arm-none-eabi-gcc -o "task_scheduler.elf" @"objects.list"   -mcpu=cortex-m3 -T"C:\Users\Gin\STM32CubeIDE\workspace_1.17.0\task_scheduler\STM32F103C6TX_FLASH.ld" --specs=nosys.specs -Wl,-Map="task_scheduler.map" -Wl,--gc-sections -static --specs=nano.specs -mfloat-abi=soft -mthumb -Wl,--start-group -lc -lm -Wl,--end-group
Finished building target: task_scheduler.elf
 
arm-none-eabi-size  task_scheduler.elf 
arm-none-eabi-objdump -h -S task_scheduler.elf  > "task_scheduler.list"
   text	   data	    bss	    dec	    hex	filename
   2112	      0	   1656	   3768	    eb8	task_scheduler.elf
Finished building: default.size.stdout
 
Finished building: task_scheduler.list
 
09:21:37 **** Incremental Build of configuration Debug for project task_scheduler ****
make -j12 all 
arm-none-eabi-gcc "../Src/led.c" -mcpu=cortex-m3 -std=gnu11 -g3 -DDEBUG -DSTM32 -DSTM32F1 -DSTM32F103C6Tx -c -I../Inc -O0 -ffunction-sections -fdata-sections -Wall -fstack-usage -fcyclomatic-complexity -MMD -MP -MF"Src/led.d" -MT"Src/led.o" --specs=nano.specs -mfloat-abi=soft -mthumb -o "Src/led.o"
arm-none-eabi-gcc -o "task_scheduler.elf" @"objects.list"   -mcpu=cortex-m3 -T"C:\Users\Gin\STM32CubeIDE\workspace_1.17.0\task_scheduler\STM32F103C6TX_FLASH.ld" --specs=nosys.specs -Wl,-Map="task_scheduler.map" -Wl,--gc-sections -static --specs=nano.specs -mfloat-abi=soft -mthumb -Wl,--start-group -lc -lm -Wl,--end-group
Finished building target: task_scheduler.elf
 
arm-none-eabi-size  task_scheduler.elf 
arm-none-eabi-objdump -h -S task_scheduler.elf  > "task_scheduler.list"
   text	   data	    bss	    dec	    hex	filename
   2112	      0	   1656	   3768	    eb8	task_scheduler.elf
Finished building: default.size.stdout
 
Finished building: task_scheduler.list
 
09:33:47 **** Incremental Build of configuration Debug for project task_scheduler ****
make -j12 all 
arm-none-eabi-gcc "../Src/led.c" -mcpu=cortex-m3 -std=gnu11 -g3 -DDEBUG -DSTM32 -DSTM32F1 -DSTM32F103C6Tx -c -I../Inc -O0 -ffunction-sections -fdata-sections -Wall -fstack-usage -fcyclomatic-complexity -MMD -MP -MF"Src/led.d" -MT"Src/led.o" --specs=nano.specs -mfloat-abi=soft -mthumb -o "Src/led.o"
arm-none-eabi-gcc -o "task_scheduler.elf" @"objects.list"   -mcpu=cortex-m3 -T"C:\Users\Gin\STM32CubeIDE\workspace_1.17.0\task_scheduler\STM32F103C6TX_FLASH.ld" --specs=nosys.specs -Wl,-Map="task_scheduler.map" -Wl,--gc-sections -static --specs=nano.specs -mfloat-abi=soft -mthumb -Wl,--start-group -lc -lm -Wl,--end-group
Finished building target: task_scheduler.elf
 
arm-none-eabi-size  task_scheduler.elf 
arm-none-eabi-objdump -h -S task_scheduler.elf  > "task_scheduler.list"
   text	   data	    bss	    dec	    hex	filename
   2064	      0	   1656	   3720	    e88	task_scheduler.elf
Finished building: default.size.stdout
 
Finished building: task_scheduler.list
 
09:34:31 **** Incremental Build of configuration Debug for project task_scheduler ****
make -j12 all 
arm-none-eabi-gcc "../Src/led.c" -mcpu=cortex-m3 -std=gnu11 -g3 -DDEBUG -DSTM32 -DSTM32F1 -DSTM32F103C6Tx -c -I../Inc -O0 -ffunction-sections -fdata-sections -Wall -fstack-usage -fcyclomatic-complexity -MMD -MP -MF"Src/led.d" -MT"Src/led.o" --specs=nano.specs -mfloat-abi=soft -mthumb -o "Src/led.o"
arm-none-eabi-gcc -o "task_scheduler.elf" @"objects.list"   -mcpu=cortex-m3 -T"C:\Users\Gin\STM32CubeIDE\workspace_1.17.0\task_scheduler\STM32F103C6TX_FLASH.ld" --specs=nosys.specs -Wl,-Map="task_scheduler.map" -Wl,--gc-sections -static --specs=nano.specs -mfloat-abi=soft -mthumb -Wl,--start-group -lc -lm -Wl,--end-group
Finished building target: task_scheduler.elf
 
arm-none-eabi-size  task_scheduler.elf 
arm-none-eabi-objdump -h -S task_scheduler.elf  > "task_scheduler.list"
   text	   data	    bss	    dec	    hex	filename
   2064	      0	   1656	   3720	    e88	task_scheduler.elf
Finished building: default.size.stdout
 
Finished building: task_scheduler.list
 
09:35:20 **** Incremental Build of configuration Debug for project task_scheduler ****
make -j12 all 
arm-none-eabi-gcc "../Src/led.c" -mcpu=cortex-m3 -std=gnu11 -g3 -DDEBUG -DSTM32 -DSTM32F1 -DSTM32F103C6Tx -c -I../Inc -O0 -ffunction-sections -fdata-sections -Wall -fstack-usage -fcyclomatic-complexity -MMD -MP -MF"Src/led.d" -MT"Src/led.o" --specs=nano.specs -mfloat-abi=soft -mthumb -o "Src/led.o"
arm-none-eabi-gcc -o "task_scheduler.elf" @"objects.list"   -mcpu=cortex-m3 -T"C:\Users\Gin\STM32CubeIDE\workspace_1.17.0\task_scheduler\STM32F103C6TX_FLASH.ld" --specs=nosys.specs -Wl,-Map="task_scheduler.map" -Wl,--gc-sections -static --specs=nano.specs -mfloat-abi=soft -mthumb -Wl,--start-group -lc -lm -Wl,--end-group
Finished building target: task_scheduler.elf
 
arm-none-eabi-size  task_scheduler.elf 
arm-none-eabi-objdump -h -S task_scheduler.elf  > "task_scheduler.list"
   text	   data	    bss	    dec	    hex	filename
   2016	      0	   1656	   3672	    e58	task_scheduler.elf
Finished building: default.size.stdout
 
Finished building: task_scheduler.list
 
10:13:52 **** Incremental Build of configuration Debug for project task_scheduler ****
make -j12 all 
arm-none-eabi-gcc "../Src/led.c" -mcpu=cortex-m3 -std=gnu11 -g3 -DDEBUG -DSTM32 -DSTM32F1 -DSTM32F103C6Tx -c -I../Inc -O0 -ffunction-sections -fdata-sections -Wall -fstack-usage -fcyclomatic-complexity -MMD -MP -MF"Src/led.d" -MT"Src/led.o" --specs=nano.specs -mfloat-abi=soft -mthumb -o "Src/led.o"
arm-none-eabi-gcc -o "task_scheduler.elf" @"objects.list"   -mcpu=cortex-m3 -T"C:\Users\Gin\STM32CubeIDE\workspace_1.17.0\task_scheduler\STM32F103C6TX_FLASH.ld" --specs=nosys.specs -Wl,-Map="task_scheduler.map" -Wl,--gc-sections -static --specs=nano.specs -mfloat-abi=soft -mthumb -Wl,--start-group -lc -lm -Wl,--end-group
Finished building target: task_scheduler.elf
 
arm-none-eabi-size  task_scheduler.elf 
arm-none-eabi-objdump -h -S task_scheduler.elf  > "task_scheduler.list"
   text	   data	    bss	    dec	    hex	filename
   2064	      0	   1656	   3720	    e88	task_scheduler.elf
Finished building: default.size.stdout
 
Finished building: task_scheduler.list
 
